0 verbose cli C:\Program Files\nodejs\node.exe C:\Users\my pc\AppData\Roaming\npm\node_modules\npm\bin\npm-cli.js
1 info using npm@8.12.1
2 info using node@v16.13.1
3 timing npm:load:whichnode Completed in 1ms
4 timing config:load:defaults Completed in 5ms
5 timing config:load:file:C:\Users\my pc\AppData\Roaming\npm\node_modules\npm\npmrc Completed in 38ms
6 timing config:load:builtin Completed in 38ms
7 timing config:load:cli Completed in 3ms
8 timing config:load:env Completed in 5ms
9 timing config:load:file:C:\Users\my pc\Desktop\react-calculator\.npmrc Completed in 0ms
10 timing config:load:project Completed in 12ms
11 timing config:load:file:C:\Users\my pc\.npmrc Completed in 2ms
12 timing config:load:user Completed in 2ms
13 timing config:load:file:C:\Users\my pc\AppData\Roaming\npm\etc\npmrc Completed in 0ms
14 timing config:load:global Completed in 0ms
15 timing config:load:validate Completed in 2ms
16 timing config:load:credentials Completed in 2ms
17 timing config:load:setEnvs Completed in 4ms
18 timing config:load Completed in 75ms
19 timing npm:load:configload Completed in 75ms
20 timing npm:load:mkdirpcache Completed in 2ms
21 timing npm:load:mkdirplogs Completed in 1ms
22 verbose title npm tsart
23 verbose argv "tsart"
24 timing npm:load:setTitle Completed in 7ms
25 timing config:load:flatten Completed in 7ms
26 timing npm:load:display Completed in 11ms
27 verbose logfile logs-max:10 dir:C:\Users\my pc\Desktop\react-calculator\_logs
28 verbose logfile C:\Users\my pc\Desktop\react-calculator\_logs\2022-06-21T09_53_11_417Z-debug-0.log
29 timing npm:load:logFile Completed in 58ms
30 timing npm:load:timers Completed in 0ms
31 timing npm:load:configScope Completed in 0ms
32 timing npm:load Completed in 156ms
33 silly logfile done cleaning log files
34 verbose exit 0
35 timing npm Completed in 455ms
36 verbose code 1
