0 verbose cli C:\Program Files\nodejs\node.exe C:\Users\my pc\AppData\Roaming\npm\node_modules\npm\bin\npm-cli.js
1 info using npm@8.12.1
2 info using node@v16.13.1
3 timing npm:load:whichnode Completed in 3ms
4 timing config:load:defaults Completed in 11ms
5 timing config:load:file:C:\Users\my pc\AppData\Roaming\npm\node_modules\npm\npmrc Completed in 7ms
6 timing config:load:builtin Completed in 11ms
7 timing config:load:cli Completed in 8ms
8 timing config:load:env Completed in 1ms
9 timing config:load:file:c:\Users\my pc\Desktop\react-calculator\.npmrc Completed in 0ms
10 timing config:load:project Completed in 16ms
11 timing config:load:file:C:\Users\my pc\.npmrc Completed in 1ms
12 timing config:load:user Completed in 2ms
13 timing config:load:file:C:\Users\my pc\AppData\Roaming\npm\etc\npmrc Completed in 0ms
14 timing config:load:global Completed in 1ms
15 timing config:load:validate Completed in 1ms
16 timing config:load:credentials Completed in 2ms
17 timing config:load:setEnvs Completed in 3ms
18 timing config:load Completed in 59ms
19 timing npm:load:configload Completed in 60ms
20 timing npm:load:mkdirpcache Completed in 2ms
21 timing npm:load:mkdirplogs Completed in 1ms
22 verbose title npm view @testing-library/react description dist-tags.latest homepage version
23 verbose argv "view" "--json" "@testing-library/react" "description" "dist-tags.latest" "homepage" "version"
24 timing npm:load:setTitle Completed in 4ms
25 timing config:load:flatten Completed in 8ms
26 timing npm:load:display Completed in 9ms
27 verbose logfile logs-max:10 dir:c:\Users\my pc\Desktop\react-calculator\_logs
28 verbose logfile c:\Users\my pc\Desktop\react-calculator\_logs\2022-06-20T19_01_44_293Z-debug-0.log
29 timing npm:load:logFile Completed in 20ms
30 timing npm:load:timers Completed in 0ms
31 timing npm:load:configScope Completed in 0ms
32 timing npm:load Completed in 104ms
33 silly logfile done cleaning log files
34 timing command:view Completed in 71177ms
35 verbose type system
36 verbose stack FetchError: request to https://registry.npmjs.org/@testing-library%2freact failed, reason: getaddrinfo ENOTFOUND registry.npmjs.org
36 verbose stack     at ClientRequest.<anonymous> (C:\Users\my pc\AppData\Roaming\npm\node_modules\npm\node_modules\minipass-fetch\lib\index.js:130:14)
36 verbose stack     at ClientRequest.emit (node:events:390:28)
36 verbose stack     at TLSSocket.socketErrorListener (node:_http_client:447:9)
36 verbose stack     at TLSSocket.emit (node:events:402:35)
36 verbose stack     at emitErrorNT (node:internal/streams/destroy:157:8)
36 verbose stack     at emitErrorCloseNT (node:internal/streams/destroy:122:3)
36 verbose stack     at processTicksAndRejections (node:internal/process/task_queues:83:21)
37 verbose cwd c:\Users\my pc\Desktop\react-calculator
38 verbose Windows_NT 10.0.18363
39 verbose node v16.13.1
40 verbose npm  v8.12.1
41 error code ENOTFOUND
42 error syscall getaddrinfo
43 error errno ENOTFOUND
44 error network request to https://registry.npmjs.org/@testing-library%2freact failed, reason: getaddrinfo ENOTFOUND registry.npmjs.org
45 error network This is a problem related to network connectivity.
45 error network In most cases you are behind a proxy or have bad network settings.
45 error network
45 error network If you are behind a proxy, please make sure that the
45 error network 'proxy' config is set properly.  See: 'npm help config'
46 verbose exit 1
47 timing npm Completed in 72188ms
48 verbose code 1
49 error A complete log of this run can be found in:
49 error     c:\Users\my pc\Desktop\react-calculator\_logs\2022-06-20T19_01_44_293Z-debug-0.log
